Warnings, critical warnings and errors from synthesis and implementation

Created: 2024-07-09 15:39:30

----SYNTHESIS----
WARNING: [Synth 8-87] always_comb on 'rgb_nxt_reg' did not result in combinational logic [E:/Penalty_Simulator/rtl/screens/draw_screen_start.sv:59]
WARNING: [Synth 8-3848] Net in_winner\.vcount in module/entity screen_selector does not have driver. [E:/Penalty_Simulator/rtl/constants/game_if.sv:12]
WARNING: [Synth 8-3848] Net in_looser\.vcount in module/entity screen_selector does not have driver. [E:/Penalty_Simulator/rtl/constants/game_if.sv:12]
WARNING: [Synth 8-3848] Net in_winner\.hcount in module/entity screen_selector does not have driver. [E:/Penalty_Simulator/rtl/constants/game_if.sv:12]
WARNING: [Synth 8-3848] Net in_looser\.hcount in module/entity screen_selector does not have driver. [E:/Penalty_Simulator/rtl/constants/game_if.sv:12]
WARNING: [Synth 8-3848] Net in_winner\.rgb in module/entity screen_selector does not have driver. [E:/Penalty_Simulator/rtl/constants/game_if.sv:13]
WARNING: [Synth 8-3848] Net in_looser\.rgb in module/entity screen_selector does not have driver. [E:/Penalty_Simulator/rtl/constants/game_if.sv:13]
WARNING: [Synth 8-3848] Net in_winner\.vsync in module/entity screen_selector does not have driver. [E:/Penalty_Simulator/rtl/constants/game_if.sv:14]
WARNING: [Synth 8-3848] Net in_looser\.vsync in module/entity screen_selector does not have driver. [E:/Penalty_Simulator/rtl/constants/game_if.sv:14]
WARNING: [Synth 8-3848] Net in_winner\.vblnk in module/entity screen_selector does not have driver. [E:/Penalty_Simulator/rtl/constants/game_if.sv:14]
WARNING: [Synth 8-3848] Net in_looser\.vblnk in module/entity screen_selector does not have driver. [E:/Penalty_Simulator/rtl/constants/game_if.sv:14]
WARNING: [Synth 8-3848] Net in_winner\.hsync in module/entity screen_selector does not have driver. [E:/Penalty_Simulator/rtl/constants/game_if.sv:14]
WARNING: [Synth 8-3848] Net in_looser\.hsync in module/entity screen_selector does not have driver. [E:/Penalty_Simulator/rtl/constants/game_if.sv:14]
WARNING: [Synth 8-3848] Net in_winner\.hblnk in module/entity screen_selector does not have driver. [E:/Penalty_Simulator/rtl/constants/game_if.sv:14]
WARNING: [Synth 8-3848] Net in_looser\.hblnk in module/entity screen_selector does not have driver. [E:/Penalty_Simulator/rtl/constants/game_if.sv:14]
WARNING: [Synth 8-3848] Net control_state_in\.game_mode in module/entity top_game does not have driver. [E:/Penalty_Simulator/rtl/constants/game_if.sv:35]
WARNING: [Synth 8-3848] Net control_state_in\.game_state in module/entity top_game does not have driver. [E:/Penalty_Simulator/rtl/constants/game_if.sv:34]
WARNING: [Synth 8-3848] Net control_state_in\.is_scored in module/entity top_game does not have driver. [E:/Penalty_Simulator/rtl/constants/game_if.sv:31]
WARNING: [Synth 8-3848] Net control_state_in\.score in module/entity top_game does not have driver. [E:/Penalty_Simulator/rtl/constants/game_if.sv:33]
WARNING: [Synth 8-3848] Net control_state_in\.round_counter in module/entity top_game does not have driver. [E:/Penalty_Simulator/rtl/constants/game_if.sv:32]
WARNING: [Synth 8-327] inferring latch for variable 'rgb_nxt_reg' [E:/Penalty_Simulator/rtl/screens/draw_screen_start.sv:59]
WARNING: [Synth 8-7080] Parallel synthesis criteria is not met
WARNING: [Synth 8-3332] Sequential element (rgb_nxt_reg[8]) is unused and will be removed from module draw_screen_start.
WARNING: [Synth 8-3332] Sequential element (rgb_nxt_reg[11]) is unused and will be removed from module draw_screen_start.
WARNING: [Synth 8-3332] Sequential element (rgb_nxt_reg[9]) is unused and will be removed from module draw_screen_start.
WARNING: [Synth 8-3332] Sequential element (rgb_nxt_reg[7]) is unused and will be removed from module draw_screen_start.
WARNING: [Synth 8-3332] Sequential element (rgb_nxt_reg[6]) is unused and will be removed from module draw_screen_start.
WARNING: [Synth 8-3332] Sequential element (rgb_nxt_reg[5]) is unused and will be removed from module draw_screen_start.
WARNING: [Synth 8-3332] Sequential element (rgb_nxt_reg[4]) is unused and will be removed from module draw_screen_start.
WARNING: [Synth 8-3332] Sequential element (rgb_nxt_reg[2]) is unused and will be removed from module draw_screen_start.
WARNING: [Synth 8-3332] Sequential element (rgb_nxt_reg[1]) is unused and will be removed from module draw_screen_start.
WARNING: [Synth 8-3332] Sequential element (rgb_nxt_reg[0]) is unused and will be removed from module draw_screen_start.

----IMPLEMENTATION----
CLEAR :)
